[debug] [2024-04-01T11:59:48.533Z] ----------------------------------------------------------------------
[debug] [2024-04-01T11:59:48.535Z] Command:       /Users/azakost/.nvm/versions/node/v18.20.0/bin/node /Users/azakost/.nvm/versions/node/v18.20.0/bin/firebase init
[debug] [2024-04-01T11:59:48.535Z] CLI Version:   13.6.0
[debug] [2024-04-01T11:59:48.535Z] Platform:      darwin
[debug] [2024-04-01T11:59:48.535Z] Node Version:  v18.20.0
[debug] [2024-04-01T11:59:48.536Z] Time:          Mon Apr 01 2024 16:59:48 GMT+0500 (West Kazakhstan Time)
[debug] [2024-04-01T11:59:48.536Z] ----------------------------------------------------------------------
[debug] 
[debug] [2024-04-01T11:59:48.539Z] >>> [apiv2][query] GET https://firebase-public.firebaseio.com/cli.json [none]
[debug] [2024-04-01T11:59:48.584Z] > command requires scopes: ["email","openid","https://www.googleapis.com/auth/cloudplatformprojects.readonly","https://www.googleapis.com/auth/firebase","https://www.googleapis.com/auth/cloud-platform"]
[debug] [2024-04-01T11:59:48.584Z] > authorizing via signed-in user (smartvend.kz@gmail.com)
[info] 
     ######## #### ########  ######## ########     ###     ######  ########
     ##        ##  ##     ## ##       ##     ##  ##   ##  ##       ##
     ######    ##  ########  ######   ########  #########  ######  ######
     ##        ##  ##    ##  ##       ##     ## ##     ##       ## ##
     ##       #### ##     ## ######## ########  ##     ##  ######  ########

You're about to initialize a Firebase project in this directory:

  /Users/azakost/Documents/SmartVend/crm/build/web

[debug] [2024-04-01T11:59:49.437Z] <<< [apiv2][status] GET https://firebase-public.firebaseio.com/cli.json 200
[debug] [2024-04-01T11:59:49.437Z] <<< [apiv2][body] GET https://firebase-public.firebaseio.com/cli.json {"cloudBuildErrorAfter":1594252800000,"cloudBuildWarnAfter":1590019200000,"defaultNode10After":1594252800000,"minVersion":"3.0.5","node8DeploysDisabledAfter":1613390400000,"node8RuntimeDisabledAfter":1615809600000,"node8WarnAfter":1600128000000}
